TN:
SF:openapi-config.ts
FN:1,(empty-report)
FNF:1
FNH:1
FNDA:1,(empty-report)
DA:9,0
DA:10,0
DA:11,0
DA:12,0
DA:13,0
DA:14,0
DA:15,0
DA:16,0
DA:17,0
DA:18,0
DA:19,0
DA:20,0
DA:21,0
DA:22,0
DA:23,0
DA:24,0
DA:25,0
DA:26,0
DA:28,0
LF:19
LH:0
BRDA:1,0,0,1
BRF:1
BRH:1
end_of_record
TN:
SF:src/App.tsx
FN:9,AppContent
FN:32,App
FNF:2
FNH:2
FNDA:4,AppContent
FNDA:4,App
DA:1,1
DA:2,1
DA:3,1
DA:4,1
DA:5,1
DA:6,1
DA:7,1
DA:9,1
DA:10,4
DA:11,4
DA:13,4
DA:15,4
DA:16,0
DA:17,4
DA:18,0
DA:19,4
DA:21,4
DA:22,4
DA:24,4
DA:25,4
DA:26,4
DA:27,4
DA:28,4
DA:30,4
DA:32,1
DA:33,4
DA:34,4
DA:35,4
DA:36,4
DA:38,4
DA:40,1
LF:31
LH:29
BRDA:9,0,0,4
BRDA:15,1,0,0
BRDA:17,2,0,0
BRDA:32,3,0,4
BRF:4
BRH:2
end_of_record
TN:
SF:src/main.tsx
FN:1,(empty-report)
FNF:1
FNH:0
FNDA:0,(empty-report)
DA:1,0
DA:2,0
DA:3,0
DA:4,0
DA:5,0
DA:6,0
DA:7,0
DA:9,0
DA:10,0
DA:11,0
DA:12,0
DA:13,0
LF:12
LH:0
BRDA:1,0,0,0
BRF:1
BRH:0
end_of_record
TN:
SF:src/test-utils.tsx
FN:17,setupStore
FN:22,middleware
FN:42,renderWithProviders
FN:50,Wrapper
FN:66,mockApiHook
FN:102,mockApiMutation
FN:136,waitForAsync
FN:148,mockDialog
FNF:8
FNH:4
FNDA:16,setupStore
FNDA:16,middleware
FNDA:16,renderWithProviders
FNDA:16,Wrapper
FNDA:0,mockApiHook
FNDA:0,mockApiMutation
FNDA:0,waitForAsync
FNDA:0,mockDialog
DA:6,1
DA:9,1
DA:10,1
DA:11,1
DA:17,1
DA:18,16
DA:19,16
DA:20,16
DA:21,16
DA:22,16
DA:23,16
DA:24,16
DA:25,16
DA:26,16
DA:42,1
DA:43,16
DA:44,16
DA:45,16
DA:46,16
DA:47,16
DA:48,16
DA:49,16
DA:50,16
DA:51,16
DA:52,16
DA:54,16
DA:55,16
DA:66,1
DA:67,0
DA:68,0
DA:69,0
DA:70,0
DA:72,0
DA:74,0
DA:75,0
DA:76,0
DA:77,0
DA:78,0
DA:79,0
DA:80,0
DA:82,0
DA:83,0
DA:84,0
DA:85,0
DA:86,0
DA:87,0
DA:88,0
DA:89,0
DA:90,0
DA:91,0
DA:102,1
DA:104,0
DA:106,0
DA:107,0
DA:108,0
DA:110,0
DA:111,0
DA:112,0
DA:113,0
DA:114,0
DA:115,0
DA:116,0
DA:118,0
DA:119,0
DA:120,0
DA:121,0
DA:122,0
DA:123,0
DA:124,0
DA:126,0
DA:127,0
DA:136,1
DA:137,0
DA:148,1
DA:150,0
DA:151,0
DA:153,0
DA:154,0
DA:156,0
DA:157,0
DA:158,0
DA:159,0
DA:160,0
DA:162,0
DA:163,0
DA:164,0
DA:167,1
DA:168,1
LF:88
LH:33
BRDA:17,0,0,16
BRDA:22,1,0,16
BRDA:42,2,0,16
BRDA:50,3,0,16
BRF:4
BRH:4
end_of_record
TN:
SF:src/components/ApiHealth/index.tsx
FN:6,ApiHealth
FNF:1
FNH:0
FNDA:0,ApiHealth
DA:1,1
DA:2,1
DA:3,1
DA:4,1
DA:6,1
DA:7,0
DA:8,0
DA:9,0
DA:10,0
DA:11,0
DA:13,0
DA:15,0
DA:16,0
DA:17,0
DA:18,0
DA:19,0
DA:20,0
DA:21,0
DA:22,0
DA:24,0
DA:25,0
DA:27,0
DA:28,0
DA:29,0
DA:30,0
DA:31,0
DA:32,0
DA:33,0
DA:35,0
DA:37,0
DA:38,0
DA:39,0
DA:40,0
DA:41,0
DA:42,0
DA:44,0
DA:46,0
DA:47,0
DA:48,0
DA:49,0
DA:50,0
DA:51,0
DA:53,0
DA:55,0
DA:56,0
DA:57,0
DA:58,0
DA:59,0
DA:60,0
DA:62,0
DA:64,0
DA:66,0
DA:67,0
DA:68,0
DA:69,0
DA:70,0
DA:72,0
DA:74,1
LF:58
LH:6
BRF:0
BRH:0
end_of_record
TN:
SF:src/components/BasicPage/index.tsx
FN:4,BasicPage
FN:6,bgcolor
FN:14,borderColor
FN:15,background
FN:29,background
FNF:5
FNH:5
FNDA:10,BasicPage
FNDA:10,bgcolor
FNDA:10,borderColor
FNDA:10,background
FNDA:10,background
DA:1,1
DA:4,1
DA:5,10
DA:6,10
DA:7,10
DA:8,10
DA:9,10
DA:10,10
DA:11,10
DA:12,10
DA:13,10
DA:14,10
DA:15,10
DA:16,10
DA:17,10
DA:18,0
DA:19,10
DA:20,10
DA:21,10
DA:22,10
DA:24,10
DA:25,10
DA:26,10
DA:27,10
DA:28,10
DA:29,10
DA:30,10
DA:31,10
DA:32,10
DA:33,10
DA:35,10
DA:36,10
DA:37,10
DA:38,10
DA:39,10
DA:40,10
DA:41,10
DA:42,10
DA:43,10
DA:44,10
DA:46,10
DA:47,10
DA:48,10
DA:49,10
DA:51,10
DA:53,1
LF:46
LH:45
BRDA:4,0,0,10
BRDA:6,1,0,10
BRDA:14,2,0,10
BRDA:15,3,0,10
BRDA:17,4,0,0
BRDA:29,5,0,10
BRF:6
BRH:5
end_of_record
TN:
SF:src/components/CopyrightNotice/index.tsx
FN:4,CopyrightNotice
FNF:1
FNH:1
FNDA:4,CopyrightNotice
DA:1,1
DA:4,1
DA:5,4
DA:6,4
DA:7,4
DA:9,4
DA:10,4
DA:11,4
DA:12,4
DA:14,4
DA:16,1
LF:11
LH:11
BRDA:4,0,0,4
BRF:1
BRH:1
end_of_record
TN:
SF:src/components/DeleteConfirmDialog/index.tsx
FN:4,DeleteConfirmDialog
FNF:1
FNH:1
FNDA:6,DeleteConfirmDialog
DA:1,1
DA:4,1
DA:5,6
DA:6,6
DA:7,6
DA:8,6
DA:9,6
DA:10,6
DA:11,6
DA:12,6
DA:13,6
DA:14,6
DA:15,6
DA:17,6
DA:18,6
DA:19,6
DA:20,6
DA:21,6
DA:22,0
DA:23,0
DA:24,0
DA:26,6
DA:27,6
DA:29,0
DA:31,6
DA:32,6
DA:33,6
DA:34,6
DA:35,6
DA:36,6
DA:37,6
DA:38,6
DA:40,6
DA:42,1
LF:34
LH:30
BRDA:4,0,0,6
BRDA:21,1,0,0
BRDA:27,2,0,0
BRDA:35,3,0,0
BRF:4
BRH:1
end_of_record
TN:
SF:src/components/ExportDialog/index.tsx
FN:29,ExportDialog
FN:63,handleFormSubmit
FN:67,handleClose
FN:89,render
FN:108,render
FN:123,render
FNF:6
FNH:1
FNDA:6,ExportDialog
FNDA:0,handleFormSubmit
FNDA:0,handleClose
FNDA:0,render
FNDA:0,render
FNDA:0,render
DA:1,1
DA:2,1
DA:3,1
DA:29,1
DA:30,6
DA:31,6
DA:32,6
DA:33,6
DA:34,6
DA:35,6
DA:36,6
DA:37,6
DA:38,6
DA:40,6
DA:41,6
DA:42,6
DA:43,6
DA:44,6
DA:45,6
DA:46,6
DA:47,6
DA:48,6
DA:49,6
DA:50,6
DA:51,6
DA:53,6
DA:54,3
DA:55,0
DA:56,0
DA:57,0
DA:58,0
DA:59,0
DA:60,0
DA:61,6
DA:63,6
DA:64,0
DA:65,0
DA:67,6
DA:68,0
DA:69,0
DA:70,0
DA:72,6
DA:73,6
DA:74,6
DA:75,6
DA:76,6
DA:77,0
DA:78,0
DA:79,0
DA:82,6
DA:84,6
DA:85,6
DA:86,6
DA:87,6
DA:88,6
DA:89,6
DA:90,0
DA:91,0
DA:92,0
DA:94,0
DA:95,0
DA:96,0
DA:97,0
DA:98,0
DA:100,6
DA:101,6
DA:104,6
DA:105,6
DA:106,6
DA:107,6
DA:108,6
DA:109,0
DA:110,0
DA:111,0
DA:112,0
DA:114,6
DA:115,6
DA:118,6
DA:119,6
DA:120,6
DA:121,6
DA:122,6
DA:123,6
DA:124,0
DA:125,0
DA:126,0
DA:127,0
DA:128,0
DA:129,0
DA:130,0
DA:131,0
DA:132,0
DA:133,0
DA:134,0
DA:135,0
DA:136,0
DA:137,0
DA:138,0
DA:139,0
DA:140,0
DA:141,0
DA:143,6
DA:144,6
DA:145,6
DA:146,6
DA:147,6
DA:148,6
DA:150,6
DA:151,6
DA:152,6
DA:153,6
DA:154,6
DA:156,6
DA:157,6
DA:158,6
DA:159,6
DA:161,6
DA:163,1
LF:118
LH:74
BRDA:29,0,0,6
BRDA:76,1,0,0
BRDA:156,2,0,0
BRDA:53,3,0,3
BRDA:54,4,0,0
BRF:5
BRH:2
end_of_record
TN:
SF:src/components/Footer/index.tsx
FN:10,Footer
FNF:1
FNH:1
FNDA:4,Footer
DA:1,1
DA:2,1
DA:3,1
DA:4,1
DA:5,1
DA:6,1
DA:7,1
DA:8,1
DA:10,1
DA:11,4
DA:12,4
DA:13,4
DA:14,4
DA:15,4
DA:16,4
DA:17,4
DA:18,4
DA:19,4
DA:20,4
DA:22,4
DA:23,4
DA:24,4
DA:25,4
DA:26,4
DA:27,4
DA:29,4
DA:30,4
DA:31,4
DA:32,4
DA:33,4
DA:34,4
DA:35,4
DA:36,4
DA:37,4
DA:38,4
DA:39,4
DA:40,4
DA:41,4
DA:42,4
DA:43,4
DA:44,4
DA:45,4
DA:46,4
DA:49,1
LF:44
LH:44
BRDA:10,0,0,4
BRF:1
BRH:1
end_of_record
TN:
SF:src/components/GithubIssueLink/index.tsx
FN:5,GithubIssueLink
FNF:1
FNH:1
FNDA:4,GithubIssueLink
DA:1,1
DA:2,1
DA:5,1
DA:6,4
DA:7,4
DA:9,4
DA:10,4
DA:11,4
DA:12,4
DA:13,4
DA:14,4
DA:15,4
DA:17,4
DA:18,4
DA:19,4
DA:21,4
DA:23,1
LF:17
LH:17
BRDA:5,0,0,4
BRF:1
BRH:1
end_of_record
TN:
SF:src/components/GithubLink/index.tsx
FN:4,GithubLink
FNF:1
FNH:1
FNDA:4,GithubLink
DA:1,1
DA:2,1
DA:4,1
DA:5,4
DA:6,4
DA:7,4
DA:8,4
DA:9,4
DA:11,4
DA:12,4
DA:14,4
DA:16,1
LF:12
LH:12
BRDA:4,0,0,4
BRF:1
BRH:1
end_of_record
TN:
SF:src/components/Layout/index.tsx
FN:10,Layout
FN:15,handleDrawerToggle
FNF:2
FNH:1
FNDA:4,Layout
FNDA:0,handleDrawerToggle
DA:1,1
DA:2,1
DA:3,1
DA:4,1
DA:5,1
DA:6,1
DA:8,1
DA:10,1
DA:11,4
DA:12,4
DA:13,4
DA:15,4
DA:16,0
DA:17,0
DA:19,4
DA:20,4
DA:21,4
DA:22,4
DA:23,4
DA:24,4
DA:25,4
DA:26,4
DA:28,4
DA:29,4
DA:31,4
DA:32,4
DA:33,4
DA:34,4
DA:35,4
DA:37,4
DA:38,4
DA:39,4
DA:40,4
DA:41,4
DA:42,4
DA:43,4
DA:44,4
DA:47,4
DA:48,4
DA:49,4
DA:50,4
DA:51,4
DA:52,4
DA:53,4
DA:55,4
DA:57,1
LF:46
LH:44
BRDA:10,0,0,4
BRF:1
BRH:1
end_of_record
TN:
SF:src/components/LayoutToolbar/index.tsx
FN:15,LayoutToolbar
FNF:1
FNH:1
FNDA:4,LayoutToolbar
DA:1,1
DA:2,1
DA:9,1
DA:10,1
DA:11,1
DA:12,1
DA:15,1
DA:16,4
DA:18,4
DA:19,4
DA:20,4
DA:21,4
DA:22,4
DA:23,4
DA:24,4
DA:25,4
DA:27,4
DA:28,4
DA:29,4
DA:31,4
DA:32,4
DA:33,4
DA:35,4
DA:36,4
DA:38,4
DA:39,4
DA:41,4
DA:42,4
DA:43,4
DA:44,4
DA:46,4
DA:48,1
LF:32
LH:32
BRDA:15,0,0,4
BRF:1
BRH:1
end_of_record
TN:
SF:src/components/NavigationDrawer/index.tsx
FN:23,DrawerContent
FN:41,handleSettingsToggle
FN:47,handleSettingsClick
FN:137,NavigationDrawer
FN:171,zIndex
FNF:5
FNH:3
FNDA:8,DrawerContent
FNDA:0,handleSettingsToggle
FNDA:0,handleSettingsClick
FNDA:4,NavigationDrawer
FNDA:4,zIndex
DA:1,1
DA:14,1
DA:16,1
DA:17,1
DA:18,1
DA:19,1
DA:21,1
DA:23,1
DA:24,8
DA:25,8
DA:26,8
DA:27,8
DA:28,8
DA:29,8
DA:30,8
DA:31,8
DA:32,8
DA:35,8
DA:36,8
DA:37,8
DA:38,8
DA:39,8
DA:41,8
DA:42,0
DA:43,0
DA:44,0
DA:45,0
DA:47,8
DA:48,0
DA:49,0
DA:50,0
DA:52,8
DA:53,8
DA:54,8
DA:55,8
DA:56,8
DA:57,8
DA:58,8
DA:60,8
DA:61,8
DA:62,8
DA:64,8
DA:65,8
DA:66,8
DA:67,8
DA:69,8
DA:70,8
DA:71,8
DA:72,8
DA:73,40
DA:74,40
DA:75,40
DA:76,40
DA:77,40
DA:78,40
DA:80,40
DA:81,40
DA:82,40
DA:83,40
DA:84,8
DA:87,8
DA:88,8
DA:89,8
DA:90,8
DA:91,8
DA:93,8
DA:94,8
DA:95,8
DA:96,8
DA:98,8
DA:99,8
DA:100,8
DA:101,8
DA:102,8
DA:103,8
DA:104,8
DA:105,8
DA:106,8
DA:107,8
DA:108,8
DA:110,8
DA:111,8
DA:112,8
DA:113,8
DA:114,8
DA:115,8
DA:116,8
DA:117,8
DA:118,8
DA:119,8
DA:120,8
DA:121,8
DA:122,8
DA:123,8
DA:125,8
DA:126,8
DA:127,8
DA:128,8
DA:129,8
DA:130,8
DA:131,8
DA:132,8
DA:133,8
DA:135,8
DA:137,1
DA:138,4
DA:139,4
DA:140,4
DA:141,4
DA:142,4
DA:143,4
DA:145,4
DA:146,4
DA:147,4
DA:148,4
DA:149,4
DA:150,4
DA:151,4
DA:152,4
DA:153,4
DA:154,4
DA:155,4
DA:156,4
DA:157,4
DA:158,4
DA:160,4
DA:161,4
DA:164,4
DA:165,4
DA:166,4
DA:167,4
DA:168,4
DA:169,4
DA:170,4
DA:171,4
DA:172,4
DA:173,4
DA:174,4
DA:176,4
DA:177,4
DA:178,4
DA:180,4
DA:182,1
LF:143
LH:136
BRDA:23,0,0,8
BRDA:90,1,0,0
BRDA:110,2,0,0
BRDA:35,3,0,8
BRDA:72,4,0,40
BRDA:77,5,0,0
BRDA:116,6,0,8
BRDA:121,7,0,0
BRDA:137,8,0,4
BRDA:171,9,0,4
BRF:10
BRH:6
end_of_record
TN:
SF:src/components/PoweredBySection/index.tsx
FN:6,PoweredBySection
FNF:1
FNH:1
FNDA:4,PoweredBySection
DA:1,1
DA:2,1
DA:3,1
DA:6,1
DA:7,4
DA:9,4
DA:10,4
DA:11,4
DA:13,4
DA:14,4
DA:15,20
DA:16,20
DA:17,20
DA:18,20
DA:19,20
DA:20,20
DA:22,20
DA:23,20
DA:24,20
DA:25,20
DA:26,20
DA:27,20
DA:28,4
DA:29,4
DA:31,4
DA:33,1
LF:26
LH:26
BRDA:6,0,0,4
BRDA:14,1,0,20
BRF:2
BRH:2
end_of_record
TN:
SF:src/components/PoweredBySection/poweredByLinks.ts
FNF:0
FNH:0
DA:1,1
DA:2,1
DA:3,1
DA:4,1
DA:5,1
DA:7,1
DA:8,1
DA:9,1
DA:10,1
DA:11,1
DA:12,1
DA:13,1
DA:14,1
DA:15,1
DA:16,1
DA:17,1
DA:18,1
DA:19,1
DA:20,1
DA:21,1
LF:20
LH:20
BRF:0
BRH:0
end_of_record
TN:
SF:src/components/SampleComponent/index.tsx
FN:3,SampleComponent
FNF:1
FNH:1
FNDA:5,SampleComponent
DA:3,1
DA:4,5
DA:5,5
DA:6,5
DA:7,5
DA:8,5
DA:10,5
DA:12,1
LF:8
LH:8
BRDA:3,0,0,5
BRF:1
BRH:1
end_of_record
TN:
SF:src/components/SampleCreateDialog/index.tsx
FN:23,SampleCreateDialog
FN:61,handleFormSubmit
FN:65,handleClose
FN:92,render
FN:107,render
FN:123,render
FN:128,onChange
FN:132,renderTags
FN:141,renderInput
FN:155,render
FNF:10
FNH:8
FNDA:40,SampleCreateDialog
FNDA:1,handleFormSubmit
FNDA:1,handleClose
FNDA:39,render
FNDA:52,render
FNDA:18,render
FNDA:0,onChange
FNDA:0,renderTags
FNDA:33,renderInput
FNDA:19,render
DA:1,1
DA:2,1
DA:3,1
DA:21,1
DA:23,1
DA:24,40
DA:25,40
DA:26,40
DA:27,40
DA:28,40
DA:29,40
DA:30,40
DA:31,40
DA:34,40
DA:36,40
DA:37,40
DA:38,40
DA:39,40
DA:40,40
DA:41,40
DA:42,40
DA:43,40
DA:44,40
DA:45,40
DA:46,40
DA:47,40
DA:48,40
DA:50,40
DA:51,19
DA:52,15
DA:53,15
DA:54,15
DA:55,15
DA:56,15
DA:57,15
DA:58,15
DA:59,40
DA:61,40
DA:62,1
DA:63,1
DA:65,40
DA:66,1
DA:67,1
DA:68,1
DA:71,40
DA:72,23
DA:73,40
DA:75,40
DA:76,40
DA:77,40
DA:78,40
DA:79,40
DA:80,40
DA:81,2
DA:82,2
DA:83,2
DA:85,40
DA:86,40
DA:87,40
DA:88,40
DA:89,40
DA:90,40
DA:91,40
DA:92,40
DA:93,39
DA:94,39
DA:95,39
DA:96,39
DA:97,39
DA:98,39
DA:99,39
DA:100,39
DA:101,39
DA:103,40
DA:104,40
DA:105,40
DA:106,40
DA:107,40
DA:108,52
DA:109,52
DA:110,52
DA:111,52
DA:112,52
DA:113,52
DA:114,52
DA:115,52
DA:116,52
DA:117,52
DA:119,40
DA:120,40
DA:121,40
DA:122,40
DA:123,40
DA:124,18
DA:125,18
DA:126,18
DA:127,18
DA:128,18
DA:129,0
DA:130,0
DA:131,18
DA:132,18
DA:133,0
DA:134,0
DA:135,0
DA:136,0
DA:137,0
DA:138,0
DA:139,0
DA:141,18
DA:142,33
DA:143,33
DA:144,33
DA:145,33
DA:146,33
DA:147,33
DA:149,18
DA:151,40
DA:152,40
DA:153,40
DA:154,40
DA:155,40
DA:156,19
DA:157,19
DA:158,19
DA:159,19
DA:160,19
DA:161,19
DA:162,19
DA:164,19
DA:165,19
DA:167,40
DA:168,40
DA:169,40
DA:170,40
DA:171,40
DA:173,40
DA:174,40
DA:175,40
DA:176,40
DA:177,40
DA:178,40
DA:179,40
DA:181,40
DA:183,1
LF:145
LH:136
BRDA:23,0,0,40
BRDA:80,1,0,2
BRDA:175,2,0,4
BRDA:175,3,0,36
BRDA:50,4,0,19
BRDA:51,5,0,15
BRDA:61,6,0,1
BRDA:65,7,0,1
BRDA:71,8,0,23
BRDA:72,9,0,0
BRDA:72,10,0,2
BRDA:72,11,0,0
BRDA:92,12,0,39
BRDA:98,13,0,1
BRDA:99,14,0,0
BRDA:99,15,0,1
BRDA:107,16,0,52
BRDA:114,17,0,1
BRDA:115,18,0,1
BRDA:123,19,0,18
BRDA:127,20,0,0
BRDA:141,21,0,33
BRDA:155,22,0,19
BRDA:159,23,0,1
BRF:24
BRH:20
end_of_record
TN:
SF:src/components/SampleDetailsDialog/index.tsx
FN:4,SampleDetailsDialog
FN:7,formatDate
FNF:2
FNH:1
FNDA:6,SampleDetailsDialog
FNDA:0,formatDate
DA:1,1
DA:4,1
DA:5,6
DA:7,6
DA:8,0
DA:9,0
DA:10,0
DA:12,6
DA:13,6
DA:14,6
DA:15,6
DA:16,6
DA:17,0
DA:18,0
DA:19,0
DA:21,6
DA:22,0
DA:23,0
DA:24,0
DA:26,6
DA:27,0
DA:28,0
DA:29,0
DA:31,0
DA:32,0
DA:33,0
DA:34,0
DA:35,0
DA:37,0
DA:38,0
DA:39,0
DA:40,0
DA:41,0
DA:43,0
DA:44,0
DA:45,0
DA:46,0
DA:47,0
DA:48,0
DA:49,0
DA:51,0
DA:52,0
DA:53,0
DA:54,0
DA:55,0
DA:56,0
DA:57,0
DA:58,0
DA:59,0
DA:61,0
DA:62,0
DA:63,0
DA:64,0
DA:65,0
DA:66,0
DA:67,0
DA:68,0
DA:69,0
DA:70,0
DA:71,0
DA:73,0
DA:75,0
DA:77,0
DA:78,0
DA:79,0
DA:80,0
DA:82,0
DA:83,0
DA:84,0
DA:85,0
DA:86,0
DA:88,0
DA:89,0
DA:90,0
DA:91,0
DA:92,0
DA:94,0
DA:95,0
DA:96,0
DA:97,0
DA:98,0
DA:100,0
DA:101,0
DA:102,0
DA:103,0
DA:105,6
DA:106,6
DA:107,6
DA:108,6
DA:109,6
DA:111,6
DA:113,1
LF:92
LH:18
BRDA:4,0,0,6
BRDA:16,1,0,0
BRDA:21,2,0,0
BRDA:26,3,0,0
BRF:4
BRH:1
end_of_record
TN:
SF:src/components/SampleUpdateDialog/index.tsx
FN:23,SampleUpdateDialog
FN:72,handleFormSubmit
FN:83,handleClose
FN:110,render
FN:125,render
FN:141,render
FN:173,render
FNF:7
FNH:1
FNDA:6,SampleUpdateDialog
FNDA:0,handleFormSubmit
FNDA:0,handleClose
FNDA:0,render
FNDA:0,render
FNDA:0,render
FNDA:0,render
DA:1,1
DA:2,1
DA:3,1
DA:21,1
DA:23,1
DA:24,6
DA:25,6
DA:26,6
DA:27,6
DA:28,6
DA:29,6
DA:30,6
DA:31,6
DA:32,6
DA:35,6
DA:37,6
DA:38,6
DA:39,6
DA:40,6
DA:41,6
DA:42,6
DA:43,6
DA:44,6
DA:45,6
DA:46,6
DA:47,6
DA:48,6
DA:49,6
DA:50,6
DA:52,6
DA:53,3
DA:54,0
DA:55,0
DA:56,0
DA:57,0
DA:58,0
DA:59,0
DA:60,0
DA:61,3
DA:62,0
DA:63,0
DA:64,0
DA:65,0
DA:66,0
DA:67,0
DA:68,0
DA:69,0
DA:70,6
DA:72,6
DA:73,0
DA:74,0
DA:75,0
DA:76,0
DA:77,0
DA:78,0
DA:79,0
DA:80,0
DA:81,0
DA:83,6
DA:84,0
DA:85,0
DA:86,0
DA:89,6
DA:90,6
DA:91,6
DA:93,6
DA:94,6
DA:95,6
DA:96,6
DA:97,6
DA:98,6
DA:99,0
DA:100,0
DA:101,0
DA:103,6
DA:104,6
DA:105,6
DA:106,6
DA:107,6
DA:108,6
DA:109,6
DA:110,6
DA:111,0
DA:112,0
DA:113,0
DA:114,0
DA:115,0
DA:116,0
DA:117,0
DA:118,0
DA:119,0
DA:121,6
DA:122,6
DA:123,6
DA:124,6
DA:125,6
DA:126,0
DA:127,0
DA:128,0
DA:129,0
DA:130,0
DA:131,0
DA:132,0
DA:133,0
DA:134,0
DA:135,0
DA:137,6
DA:138,6
DA:139,6
DA:140,6
DA:141,6
DA:142,0
DA:143,0
DA:144,0
DA:145,0
DA:146,0
DA:147,0
DA:148,0
DA:149,0
DA:150,0
DA:151,0
DA:152,0
DA:153,0
DA:154,0
DA:155,0
DA:156,0
DA:157,0
DA:159,0
DA:160,0
DA:161,0
DA:162,0
DA:163,0
DA:164,0
DA:165,0
DA:167,0
DA:169,6
DA:170,6
DA:171,6
DA:172,6
DA:173,6
DA:174,0
DA:175,0
DA:176,0
DA:177,0
DA:178,0
DA:179,0
DA:180,0
DA:182,0
DA:183,0
DA:185,6
DA:186,6
DA:187,6
DA:188,6
DA:189,6
DA:191,6
DA:192,6
DA:193,6
DA:194,6
DA:195,6
DA:196,6
DA:197,6
DA:200,6
DA:202,1
LF:163
LH:81
BRDA:23,0,0,6
BRDA:98,1,0,0
BRDA:193,2,0,0
BRDA:52,3,0,3
BRDA:53,4,0,0
BRDA:53,5,0,0
BRDA:61,6,0,0
BRDA:89,7,0,6
BRDA:90,8,0,0
BRF:9
BRH:3
end_of_record
TN:
SF:src/components/SwaggerLink/index.tsx
FN:4,SwaggerLink
FNF:1
FNH:1
FNDA:4,SwaggerLink
DA:1,1
DA:4,1
DA:5,4
DA:7,4
DA:8,4
DA:9,4
DA:11,0
DA:12,0
DA:13,0
DA:14,4
DA:16,4
DA:18,1
LF:12
LH:9
BRDA:4,0,0,4
BRDA:9,1,0,0
BRF:2
BRH:1
end_of_record
TN:
SF:src/components/ThemeShowcase/index.tsx
FN:69,renderCell
FN:86,ThemeShowcase
FNF:2
FNH:0
FNDA:0,renderCell
FNDA:0,ThemeShowcase
DA:1,1
DA:2,1
DA:28,1
DA:29,1
DA:37,1
DA:41,1
DA:42,1
DA:43,1
DA:44,1
DA:45,1
DA:46,1
DA:47,1
DA:48,1
DA:51,1
DA:52,1
DA:53,1
DA:54,1
DA:55,1
DA:56,1
DA:57,1
DA:59,1
DA:60,1
DA:61,1
DA:62,1
DA:63,1
DA:64,1
DA:65,1
DA:66,1
DA:67,1
DA:68,1
DA:69,1
DA:70,0
DA:71,0
DA:72,0
DA:73,0
DA:74,0
DA:76,1
DA:77,1
DA:80,1
DA:81,1
DA:82,1
DA:83,1
DA:84,1
DA:86,1
DA:87,0
DA:88,0
DA:89,0
DA:90,0
DA:91,0
DA:92,0
DA:93,0
DA:94,0
DA:96,0
DA:97,0
DA:98,0
DA:100,0
DA:101,0
DA:102,0
DA:104,0
DA:105,0
DA:106,0
DA:108,0
DA:109,0
DA:110,0
DA:111,0
DA:112,0
DA:114,0
DA:115,0
DA:117,0
DA:118,0
DA:120,0
DA:121,0
DA:122,0
DA:123,0
DA:124,0
DA:127,0
DA:128,0
DA:129,0
DA:131,0
DA:132,0
DA:133,0
DA:134,0
DA:135,0
DA:136,0
DA:137,0
DA:138,0
DA:139,0
DA:140,0
DA:141,0
DA:142,0
DA:144,0
DA:145,0
DA:146,0
DA:148,0
DA:149,0
DA:150,0
DA:151,0
DA:152,0
DA:153,0
DA:154,0
DA:155,0
DA:156,0
DA:157,0
DA:158,0
DA:159,0
DA:160,0
DA:162,0
DA:163,0
DA:164,0
DA:165,0
DA:166,0
DA:167,0
DA:168,0
DA:169,0
DA:170,0
DA:171,0
DA:172,0
DA:173,0
DA:174,0
DA:175,0
DA:176,0
DA:177,0
DA:178,0
DA:179,0
DA:180,0
DA:183,0
DA:185,0
DA:186,0
DA:188,0
DA:189,0
DA:190,0
DA:191,0
DA:192,0
DA:193,0
DA:194,0
DA:195,0
DA:197,0
DA:198,0
DA:199,0
DA:200,0
DA:201,0
DA:202,0
DA:203,0
DA:204,0
DA:205,0
DA:206,0
DA:207,0
DA:209,0
DA:210,0
DA:211,0
DA:212,0
DA:213,0
DA:214,0
DA:215,0
DA:217,0
DA:218,0
DA:219,0
DA:220,0
DA:221,0
DA:222,0
DA:223,0
DA:224,0
DA:225,0
DA:226,0
DA:227,0
DA:229,0
DA:230,0
DA:231,0
DA:232,0
DA:234,0
DA:235,0
DA:237,0
DA:238,0
DA:239,0
DA:240,0
DA:241,0
DA:242,0
DA:243,0
DA:244,0
DA:245,0
DA:248,0
DA:249,0
DA:250,0
DA:251,0
DA:252,0
DA:254,0
DA:255,0
DA:256,0
DA:257,0
DA:258,0
DA:259,0
DA:260,0
DA:261,0
DA:262,0
DA:263,0
DA:264,0
DA:265,0
DA:266,0
DA:267,0
DA:268,0
DA:270,0
DA:271,0
DA:272,0
DA:273,0
DA:275,0
DA:276,0
DA:277,0
DA:278,0
DA:279,0
DA:280,0
DA:281,0
DA:282,0
DA:283,0
DA:284,0
DA:285,0
DA:286,0
DA:287,0
DA:288,0
DA:289,0
DA:290,0
DA:293,0
DA:294,0
DA:295,0
DA:297,0
DA:298,0
DA:299,0
DA:301,0
DA:302,0
DA:303,0
DA:304,0
DA:305,0
DA:306,0
DA:307,0
DA:308,0
DA:309,0
DA:310,0
DA:311,0
DA:312,0
DA:313,0
DA:314,0
DA:315,0
DA:316,0
DA:317,0
DA:318,0
DA:319,0
DA:320,0
DA:321,0
DA:322,0
DA:323,0
DA:324,0
DA:325,0
DA:326,0
DA:328,0
DA:329,0
DA:330,0
DA:331,0
DA:332,0
DA:333,0
DA:334,0
DA:335,0
DA:336,0
DA:337,0
DA:338,0
DA:339,0
DA:340,0
DA:342,0
DA:343,0
DA:344,0
DA:345,0
DA:346,0
DA:347,0
DA:348,0
DA:349,0
DA:350,0
DA:351,0
DA:352,0
DA:353,0
DA:354,0
DA:356,0
DA:357,0
DA:359,0
DA:360,0
DA:361,0
DA:362,0
DA:363,0
DA:366,0
DA:367,0
DA:368,0
DA:370,0
DA:371,0
DA:372,0
DA:373,0
DA:374,0
DA:375,0
DA:376,0
DA:377,0
DA:378,0
DA:379,0
DA:380,0
DA:381,0
DA:382,0
DA:383,0
DA:384,0
DA:385,0
DA:386,0
DA:389,0
DA:390,0
DA:391,0
DA:393,0
DA:394,0
DA:395,0
DA:396,0
DA:397,0
DA:398,0
DA:399,0
DA:400,0
DA:401,0
DA:402,0
DA:403,0
DA:404,0
DA:405,0
DA:406,0
DA:407,0
DA:408,0
DA:409,0
DA:410,0
DA:411,0
DA:412,0
DA:413,0
DA:414,0
DA:415,0
DA:416,0
DA:417,0
DA:418,0
DA:419,0
DA:420,0
DA:421,0
DA:422,0
DA:423,0
DA:424,0
DA:425,0
DA:426,0
DA:427,0
DA:428,0
DA:429,0
DA:430,0
DA:431,0
DA:432,0
DA:433,0
DA:434,0
DA:435,0
DA:436,0
DA:437,0
DA:438,0
DA:439,0
DA:440,0
DA:441,0
DA:442,0
DA:443,0
DA:444,0
DA:445,0
DA:446,0
DA:449,0
DA:450,0
DA:451,0
DA:453,0
DA:454,0
DA:461,0
DA:462,0
DA:469,0
DA:470,0
DA:476,0
DA:477,0
DA:478,0
DA:479,0
DA:481,0
DA:483,1
LF:377
LH:40
BRF:0
BRH:0
end_of_record
TN:
SF:src/components/ThemeToggle/index.tsx
FN:6,ThemeToggle
FN:10,handleToggle
FNF:2
FNH:1
FNDA:4,ThemeToggle
FNDA:0,handleToggle
DA:1,1
DA:2,1
DA:3,1
DA:4,1
DA:6,1
DA:7,4
DA:8,4
DA:10,4
DA:11,0
DA:12,0
DA:14,4
DA:15,4
DA:16,4
DA:17,4
DA:18,4
DA:19,4
DA:21,4
DA:23,1
LF:18
LH:16
BRDA:6,0,0,4
BRDA:15,1,0,0
BRDA:17,2,0,0
BRF:3
BRH:1
end_of_record
TN:
SF:src/components/Version/index.tsx
FN:5,Version
FNF:1
FNH:1
FNDA:4,Version
DA:1,1
DA:3,1
DA:5,1
DA:6,4
DA:8,4
DA:9,4
DA:10,4
DA:11,4
DA:13,4
DA:15,1
LF:10
LH:10
BRDA:5,0,0,4
BRF:1
BRH:1
end_of_record
TN:
SF:src/hooks/hookIcons.tsx
FN:15,useAppIcons
FN:28,getIcon
FNF:2
FNH:2
FNDA:8,useAppIcons
FNDA:56,getIcon
DA:4,1
DA:5,1
DA:6,1
DA:7,1
DA:8,1
DA:9,1
DA:10,1
DA:11,1
DA:12,1
DA:15,1
DA:16,8
DA:17,8
DA:18,8
DA:19,8
DA:20,8
DA:21,8
DA:22,8
DA:23,8
DA:24,8
DA:25,8
DA:26,8
DA:28,8
DA:29,56
DA:30,8
DA:31,8
LF:25
LH:25
BRDA:15,0,0,8
BRDA:28,1,0,56
BRF:2
BRH:2
end_of_record
TN:
SF:src/hooks/useSampleGrid.tsx
FN:13,useSampleGrid
FN:41,renderCell
FN:54,valueGetter
FN:70,renderCell
FN:102,valueGetter
FN:109,getActions
FNF:6
FNH:1
FNDA:6,useSampleGrid
FNDA:0,renderCell
FNDA:0,valueGetter
FNDA:0,renderCell
FNDA:0,valueGetter
FNDA:0,getActions
DA:7,1
DA:8,1
DA:9,1
DA:10,1
DA:11,1
DA:13,1
DA:14,6
DA:15,6
DA:16,6
DA:17,6
DA:18,6
DA:19,6
DA:20,6
DA:21,6
DA:22,6
DA:23,6
DA:24,6
DA:25,6
DA:26,6
DA:27,6
DA:28,6
DA:29,6
DA:30,6
DA:31,6
DA:32,6
DA:33,6
DA:34,6
DA:35,6
DA:36,6
DA:37,6
DA:38,6
DA:39,6
DA:40,6
DA:41,6
DA:42,0
DA:43,0
DA:44,0
DA:45,0
DA:46,0
DA:48,6
DA:49,6
DA:50,6
DA:51,6
DA:52,6
DA:53,6
DA:54,6
DA:55,0
DA:56,0
DA:57,0
DA:59,0
DA:60,0
DA:61,0
DA:63,0
DA:64,0
DA:65,0
DA:66,0
DA:68,0
DA:69,0
DA:70,6
DA:71,0
DA:72,0
DA:73,0
DA:74,0
DA:75,0
DA:76,0
DA:77,0
DA:78,0
DA:79,0
DA:80,0
DA:81,0
DA:82,0
DA:83,0
DA:84,0
DA:85,0
DA:86,0
DA:87,0
DA:88,0
DA:89,0
DA:90,0
DA:92,0
DA:94,0
DA:96,6
DA:97,6
DA:98,6
DA:99,6
DA:100,6
DA:101,6
DA:102,6
DA:103,6
DA:104,6
DA:105,6
DA:106,6
DA:107,6
DA:108,6
DA:109,6
DA:110,0
DA:111,0
DA:112,0
DA:113,0
DA:114,0
DA:115,0
DA:116,0
DA:117,0
DA:118,0
DA:119,0
DA:120,0
DA:121,0
DA:122,0
DA:123,0
DA:124,0
DA:125,0
DA:126,0
DA:127,0
DA:128,0
DA:129,0
DA:130,0
DA:131,0
DA:132,6
DA:133,6
DA:134,6
DA:135,6
LF:121
LH:60
BRDA:13,0,0,6
BRF:1
BRH:1
end_of_record
TN:
SF:src/pages/ThemeDarkOnlyPage.tsx
FN:6,ThemeDarkOnlyPage
FNF:1
FNH:0
FNDA:0,ThemeDarkOnlyPage
DA:1,1
DA:2,1
DA:3,1
DA:4,1
DA:6,1
DA:7,0
DA:8,0
DA:9,0
DA:10,0
DA:11,0
DA:13,0
DA:15,1
LF:12
LH:6
BRF:0
BRH:0
end_of_record
TN:
SF:src/pages/ThemeLightOnlyPage.tsx
FN:6,ThemeLightOnlyPage
FNF:1
FNH:0
FNDA:0,ThemeLightOnlyPage
DA:1,1
DA:2,1
DA:3,1
DA:4,1
DA:6,1
DA:7,0
DA:8,0
DA:9,0
DA:10,0
DA:11,0
DA:13,0
DA:15,1
LF:12
LH:6
BRF:0
BRH:0
end_of_record
TN:
SF:src/pages/ThemeSwitchablePage.tsx
FN:3,ThemeSwitchablePage
FNF:1
FNH:0
FNDA:0,ThemeSwitchablePage
DA:1,1
DA:3,1
DA:4,0
DA:5,0
DA:7,1
LF:5
LH:3
BRF:0
BRH:0
end_of_record
TN:
SF:src/pages/ArchitecturePage/index.tsx
FN:22,ArchitecturePage
FNF:1
FNH:0
FNDA:0,ArchitecturePage
DA:1,1
DA:2,1
DA:3,1
DA:4,1
DA:5,1
DA:7,1
DA:8,1
DA:9,1
DA:10,1
DA:11,1
DA:12,1
DA:13,1
DA:14,1
DA:15,1
DA:16,1
DA:17,1
DA:18,1
DA:19,1
DA:20,1
DA:22,1
DA:23,0
DA:24,0
DA:25,0
DA:26,0
DA:27,0
DA:28,0
DA:29,0
DA:30,0
DA:34,0
DA:35,0
DA:38,0
DA:39,0
DA:41,0
DA:42,0
DA:43,0
DA:44,0
DA:45,0
DA:46,0
DA:47,0
DA:48,0
DA:49,0
DA:50,0
DA:51,0
DA:52,0
DA:53,0
DA:54,0
DA:55,0
DA:56,0
DA:57,0
DA:58,0
DA:59,0
DA:60,0
DA:61,0
DA:62,0
DA:63,0
DA:64,0
DA:65,0
DA:66,0
DA:67,0
DA:68,0
DA:69,0
DA:70,0
DA:71,0
DA:72,0
DA:73,0
DA:74,0
DA:76,0
DA:77,0
DA:78,0
DA:79,0
DA:80,0
DA:81,0
DA:82,0
DA:83,0
DA:85,0
DA:87,1
LF:76
LH:21
BRF:0
BRH:0
end_of_record
TN:
SF:src/pages/ErrorPage/index.tsx
FN:12,ErrorPage
FNF:1
FNH:0
FNDA:0,ErrorPage
DA:1,1
DA:2,1
DA:9,1
DA:10,1
DA:12,1
DA:13,0
DA:15,0
DA:16,0
DA:18,0
DA:19,0
DA:20,0
DA:21,0
DA:22,0
DA:23,0
DA:25,0
DA:26,0
DA:27,0
DA:28,0
DA:29,0
DA:30,0
DA:31,0
DA:32,0
DA:33,0
DA:34,0
DA:35,0
DA:37,0
DA:38,0
DA:39,0
DA:40,0
DA:41,0
DA:42,0
DA:43,0
DA:44,0
DA:45,0
DA:46,0
DA:48,0
DA:49,0
DA:50,0
DA:51,0
DA:52,0
DA:53,0
DA:54,0
DA:56,0
DA:57,0
DA:58,0
DA:59,0
DA:60,0
DA:61,0
DA:62,0
DA:63,0
DA:64,0
DA:65,0
DA:66,0
DA:68,0
DA:69,0
DA:70,0
DA:71,0
DA:73,0
DA:75,1
LF:59
LH:6
BRF:0
BRH:0
end_of_record
TN:
SF:src/pages/FeaturesPage/index.tsx
FN:20,FeaturesPage
FNF:1
FNH:0
FNDA:0,FeaturesPage
DA:1,1
DA:13,1
DA:14,1
DA:15,1
DA:16,1
DA:17,1
DA:18,1
DA:20,1
DA:21,0
DA:22,0
DA:23,0
DA:24,0
DA:25,0
DA:26,0
DA:27,0
DA:28,0
DA:29,0
DA:30,0
DA:31,0
DA:32,0
DA:33,0
DA:34,0
DA:35,0
DA:36,0
DA:37,0
DA:38,0
DA:39,0
DA:40,0
DA:41,0
DA:42,0
DA:43,0
DA:44,0
DA:45,0
DA:46,0
DA:47,0
DA:48,0
DA:49,0
DA:50,0
DA:51,0
DA:52,0
DA:54,0
DA:55,0
DA:56,0
DA:57,0
DA:59,0
DA:60,0
DA:62,0
DA:64,0
DA:65,0
DA:66,0
DA:67,0
DA:68,0
DA:69,0
DA:70,0
DA:72,0
DA:73,0
DA:74,0
DA:75,0
DA:76,0
DA:77,0
DA:78,0
DA:79,0
DA:80,0
DA:82,0
DA:83,0
DA:84,0
DA:85,0
DA:87,0
DA:88,0
DA:89,0
DA:90,0
DA:91,0
DA:92,0
DA:94,0
DA:95,0
DA:96,0
DA:97,0
DA:99,0
DA:100,0
DA:101,0
DA:102,0
DA:103,0
DA:104,0
DA:105,0
DA:106,0
DA:107,0
DA:108,0
DA:109,0
DA:110,0
DA:111,0
DA:112,0
DA:113,0
DA:114,0
DA:115,0
DA:116,0
DA:117,0
DA:118,0
DA:119,0
DA:120,0
DA:122,0
DA:123,0
DA:124,0
DA:125,0
DA:126,0
DA:127,0
DA:128,0
DA:129,0
DA:130,0
DA:132,0
DA:134,1
LF:110
LH:9
BRF:0
BRH:0
end_of_record
TN:
SF:src/pages/HomePage/index.tsx
FN:23,HomePage
FNF:1
FNH:1
FNDA:4,HomePage
DA:1,1
DA:2,1
DA:3,1
DA:4,1
DA:5,1
DA:7,1
DA:8,1
DA:9,1
DA:10,1
DA:11,1
DA:12,1
DA:13,1
DA:14,1
DA:15,1
DA:16,1
DA:17,1
DA:18,1
DA:19,1
DA:20,1
DA:21,1
DA:23,1
DA:24,4
DA:25,4
DA:26,4
DA:27,4
DA:29,4
DA:30,4
DA:31,4
DA:32,4
DA:33,4
DA:34,4
DA:35,4
DA:36,4
DA:37,4
DA:38,4
DA:39,4
DA:40,4
DA:41,4
DA:42,4
DA:44,4
DA:45,4
DA:46,4
DA:47,4
DA:48,4
DA:49,4
DA:50,4
DA:51,4
DA:53,4
DA:54,4
DA:55,4
DA:56,4
DA:57,4
DA:58,4
DA:59,4
DA:60,4
DA:63,4
DA:64,4
DA:65,4
DA:66,4
DA:67,4
DA:68,4
DA:69,4
DA:70,4
DA:71,4
DA:73,4
DA:74,4
DA:75,4
DA:76,4
DA:77,4
DA:78,4
DA:79,4
DA:80,24
DA:81,24
DA:82,24
DA:83,4
DA:84,4
DA:85,4
DA:86,4
DA:87,4
DA:88,4
DA:89,4
DA:90,4
DA:91,4
DA:92,12
DA:93,12
DA:94,12
DA:95,4
DA:96,4
DA:97,4
DA:98,4
DA:99,4
DA:100,4
DA:102,4
DA:104,1
LF:94
LH:94
BRDA:23,0,0,4
BRDA:79,1,0,24
BRDA:91,2,0,12
BRF:3
BRH:3
end_of_record
TN:
SF:src/pages/SamplePage/index.tsx
FN:46,SamplePage
FN:48,isObj
FN:51,handleStringStatusErrors
FN:64,handleFetchBaseQueryError
FN:77,getErrorParts
FN:108,formatErrorMessage
FN:175,buildSearchRequest
FN:193,buildSearchRequestForExport
FN:240,handleOpenCreateDialog
FN:246,handleCloseCreateDialog
FN:250,handleOpenUpdateDialog
FN:258,handleCloseUpdateDialog
FN:264,handleOpenViewDialog
FN:269,handleCloseViewDialog
FN:274,handleOpenDeleteDialog
FN:279,handleCloseDeleteDialog
FN:285,handleCreateSample
FN:298,handleUpdateSample
FN:316,handleDeleteSample
FN:330,handleRefresh
FN:335,handleOpenExportDialog
FN:339,handleCloseExportDialog
FN:344,handleExport
FN:388,NoSamplesOverlay
FN:418,background
FN:422,boxShadow
FN:498,backgroundColor
FN:555,background
FN:559,boxShadow
FN:592,getRowId
FN:598,backgroundColor
FN:602,borderBottom
FN:605,backgroundColor
FNF:33
FNH:13
FNDA:6,SamplePage
FNDA:30,isObj
FNDA:0,handleStringStatusErrors
FNDA:0,handleFetchBaseQueryError
FNDA:30,getErrorParts
FNDA:0,formatErrorMessage
FNDA:3,buildSearchRequest
FNDA:0,buildSearchRequestForExport
FNDA:0,handleOpenCreateDialog
FNDA:0,handleCloseCreateDialog
FNDA:0,handleOpenUpdateDialog
FNDA:0,handleCloseUpdateDialog
FNDA:0,handleOpenViewDialog
FNDA:0,handleCloseViewDialog
FNDA:0,handleOpenDeleteDialog
FNDA:0,handleCloseDeleteDialog
FNDA:0,handleCreateSample
FNDA:0,handleUpdateSample
FNDA:0,handleDeleteSample
FNDA:0,handleRefresh
FNDA:0,handleOpenExportDialog
FNDA:0,handleCloseExportDialog
FNDA:0,handleExport
FNDA:6,NoSamplesOverlay
FNDA:6,background
FNDA:6,boxShadow
FNDA:18,backgroundColor
FNDA:6,background
FNDA:6,boxShadow
FNDA:0,getRowId
FNDA:6,backgroundColor
FNDA:6,borderBottom
FNDA:6,backgroundColor
DA:1,1
DA:2,1
DA:3,1
DA:4,1
DA:13,1
DA:23,1
DA:24,1
DA:25,1
DA:26,1
DA:27,1
DA:28,1
DA:29,1
DA:31,1
DA:32,1
DA:44,1
DA:46,1
DA:48,6
DA:49,30
DA:51,6
DA:52,0
DA:53,0
DA:54,0
DA:55,0
DA:56,0
DA:57,0
DA:58,0
DA:60,0
DA:61,0
DA:62,0
DA:64,6
DA:65,0
DA:66,0
DA:71,0
DA:72,0
DA:73,0
DA:74,0
DA:77,6
DA:78,30
DA:83,30
DA:84,30
DA:85,30
DA:86,30
DA:88,0
DA:89,0
DA:91,0
DA:92,0
DA:93,0
DA:94,0
DA:96,0
DA:97,0
DA:99,30
DA:100,0
DA:101,0
DA:102,0
DA:104,0
DA:105,30
DA:108,6
DA:109,0
DA:110,0
DA:111,0
DA:112,0
DA:113,0
DA:114,0
DA:115,0
DA:118,6
DA:119,6
DA:120,6
DA:121,6
DA:122,6
DA:123,6
DA:124,6
DA:127,6
DA:128,6
DA:129,6
DA:130,6
DA:131,6
DA:132,6
DA:133,6
DA:134,6
DA:135,6
DA:138,6
DA:139,6
DA:140,6
DA:141,6
DA:142,6
DA:143,6
DA:144,6
DA:145,6
DA:146,6
DA:147,6
DA:148,6
DA:149,6
DA:150,6
DA:151,6
DA:152,6
DA:153,6
DA:154,6
DA:155,6
DA:156,6
DA:157,6
DA:158,6
DA:159,6
DA:160,6
DA:161,6
DA:162,6
DA:163,6
DA:164,6
DA:165,6
DA:166,6
DA:167,6
DA:168,6
DA:169,6
DA:170,6
DA:171,6
DA:172,6
DA:175,6
DA:176,3
DA:177,3
DA:178,3
DA:179,0
DA:180,0
DA:181,3
DA:182,3
DA:183,3
DA:184,0
DA:185,0
DA:186,0
DA:187,3
DA:188,3
DA:189,3
DA:190,3
DA:193,6
DA:194,0
DA:196,0
DA:197,0
DA:198,0
DA:199,0
DA:200,0
DA:201,0
DA:202,0
DA:203,0
DA:204,0
DA:205,0
DA:206,0
DA:207,0
DA:208,0
DA:209,0
DA:210,0
DA:211,0
DA:212,0
DA:214,0
DA:215,0
DA:218,6
DA:219,3
DA:220,6
DA:223,6
DA:224,3
DA:225,0
DA:226,0
DA:227,6
DA:229,6
DA:231,6
DA:232,0
DA:233,6
DA:234,6
DA:235,6
DA:236,0
DA:237,6
DA:240,6
DA:242,0
DA:243,0
DA:244,0
DA:246,6
DA:247,0
DA:248,0
DA:250,6
DA:251,0
DA:252,0
DA:254,0
DA:255,0
DA:256,0
DA:258,6
DA:259,0
DA:260,0
DA:261,0
DA:262,0
DA:264,6
DA:265,0
DA:266,0
DA:267,0
DA:269,6
DA:270,0
DA:271,0
DA:272,0
DA:274,6
DA:275,0
DA:276,0
DA:277,0
DA:279,6
DA:280,0
DA:281,0
DA:282,0
DA:285,6
DA:286,0
DA:287,0
DA:288,0
DA:290,0
DA:291,0
DA:293,0
DA:294,0
DA:295,0
DA:298,6
DA:299,0
DA:300,0
DA:301,0
DA:302,0
DA:303,0
DA:304,0
DA:305,0
DA:307,0
DA:308,0
DA:310,0
DA:311,0
DA:312,0
DA:313,0
DA:316,6
DA:317,0
DA:318,0
DA:319,0
DA:320,0
DA:322,0
DA:323,0
DA:324,0
DA:325,0
DA:326,0
DA:327,0
DA:330,6
DA:331,0
DA:332,0
DA:335,6
DA:336,0
DA:337,0
DA:339,6
DA:340,0
DA:341,0
DA:344,6
DA:345,0
DA:346,0
DA:347,0
DA:348,0
DA:349,0
DA:350,0
DA:351,0
DA:352,0
DA:355,0
DA:356,0
DA:357,0
DA:361,0
DA:362,0
DA:364,0
DA:365,0
DA:366,0
DA:367,0
DA:368,0
DA:369,0
DA:370,0
DA:372,0
DA:373,0
DA:374,0
DA:376,6
DA:377,6
DA:378,6
DA:379,6
DA:380,6
DA:382,6
DA:383,6
DA:384,6
DA:385,6
DA:386,6
DA:388,6
DA:389,6
DA:390,6
DA:391,6
DA:392,6
DA:393,6
DA:395,6
DA:397,6
DA:398,6
DA:400,6
DA:401,6
DA:403,6
DA:404,6
DA:407,6
DA:408,6
DA:409,6
DA:410,6
DA:412,6
DA:413,6
DA:414,6
DA:415,6
DA:416,6
DA:417,6
DA:418,6
DA:419,6
DA:420,6
DA:421,0
DA:422,6
DA:423,6
DA:425,6
DA:426,6
DA:427,6
DA:428,6
DA:429,6
DA:430,6
DA:432,6
DA:433,6
DA:435,6
DA:436,6
DA:438,6
DA:439,6
DA:441,6
DA:442,6
DA:443,6
DA:444,6
DA:445,6
DA:446,6
DA:447,6
DA:448,6
DA:450,6
DA:451,6
DA:452,6
DA:453,6
DA:454,6
DA:455,6
DA:456,6
DA:457,6
DA:458,6
DA:460,6
DA:461,6
DA:462,6
DA:463,6
DA:464,6
DA:465,6
DA:466,6
DA:467,6
DA:469,6
DA:470,6
DA:471,6
DA:473,6
DA:474,6
DA:475,6
DA:476,6
DA:477,6
DA:478,6
DA:479,6
DA:480,6
DA:481,6
DA:482,6
DA:483,6
DA:484,6
DA:485,6
DA:486,6
DA:487,6
DA:488,6
DA:489,18
DA:490,18
DA:491,18
DA:492,18
DA:493,18
DA:494,18
DA:495,18
DA:496,18
DA:497,18
DA:498,18
DA:499,18
DA:500,18
DA:501,0
DA:502,18
DA:504,18
DA:505,18
DA:506,18
DA:507,18
DA:508,18
DA:509,18
DA:510,18
DA:511,18
DA:512,18
DA:513,18
DA:514,6
DA:515,6
DA:516,6
DA:517,6
DA:520,6
DA:521,0
DA:522,0
DA:523,0
DA:524,0
DA:525,0
DA:526,0
DA:527,0
DA:528,0
DA:529,0
DA:530,0
DA:532,0
DA:535,6
DA:536,0
DA:537,0
DA:538,0
DA:539,0
DA:540,0
DA:541,0
DA:542,0
DA:543,0
DA:544,0
DA:546,0
DA:549,6
DA:550,6
DA:551,6
DA:552,6
DA:553,6
DA:554,6
DA:555,6
DA:556,6
DA:557,6
DA:558,0
DA:559,6
DA:560,6
DA:562,6
DA:563,6
DA:564,6
DA:565,6
DA:566,6
DA:567,6
DA:568,6
DA:569,6
DA:571,6
DA:573,6
DA:574,6
DA:575,6
DA:576,6
DA:577,6
DA:578,6
DA:579,6
DA:580,6
DA:581,6
DA:582,6
DA:583,6
DA:584,6
DA:585,6
DA:586,6
DA:587,6
DA:588,6
DA:589,6
DA:590,6
DA:591,6
DA:592,6
DA:593,6
DA:594,6
DA:595,6
DA:596,6
DA:597,6
DA:598,6
DA:599,6
DA:600,6
DA:601,0
DA:602,6
DA:603,6
DA:604,6
DA:605,6
DA:606,6
DA:607,6
DA:608,0
DA:609,6
DA:610,6
DA:611,6
DA:612,6
DA:613,6
DA:614,6
DA:615,6
DA:616,6
DA:617,6
DA:618,6
DA:619,6
DA:620,6
DA:621,6
DA:624,6
DA:625,6
DA:626,6
DA:627,6
DA:628,6
DA:629,6
DA:630,6
DA:631,0
DA:632,6
DA:634,6
DA:635,6
DA:638,6
DA:639,6
DA:640,6
DA:641,6
DA:642,6
DA:643,6
DA:644,6
DA:645,6
DA:646,0
DA:647,6
DA:649,6
DA:650,6
DA:653,6
DA:654,6
DA:655,6
DA:656,6
DA:657,6
DA:658,6
DA:659,0
DA:660,0
DA:661,0
DA:662,0
DA:663,6
DA:665,6
DA:666,6
DA:669,6
DA:670,6
DA:671,6
DA:672,6
DA:673,6
DA:674,0
DA:675,6
DA:677,6
DA:678,6
DA:679,6
DA:680,6
DA:682,6
DA:685,6
DA:686,6
DA:687,6
DA:688,6
DA:689,6
DA:690,0
DA:691,6
DA:693,6
DA:694,6
DA:695,6
DA:696,6
DA:698,6
DA:700,1
LF:546
LH:362
BRDA:46,0,0,6
BRDA:145,1,0,0
BRDA:229,2,0,0
BRDA:235,3,0,0
BRDA:476,4,0,0
BRDA:482,5,0,0
BRDA:520,6,0,0
BRDA:535,7,0,0
BRDA:630,8,0,0
BRDA:645,9,0,0
BRDA:658,10,0,0
BRDA:673,11,0,0
BRDA:689,12,0,0
BRDA:48,13,0,30
BRDA:49,14,0,0
BRDA:77,15,0,30
BRDA:85,16,0,0
BRDA:86,17,0,0
BRDA:99,18,0,0
BRDA:175,19,0,3
BRDA:218,20,0,3
BRDA:223,21,0,3
BRDA:224,22,0,0
BRDA:224,23,0,0
BRDA:388,24,0,6
BRDA:418,25,0,6
BRDA:420,26,0,0
BRDA:422,27,0,6
BRDA:488,28,0,18
BRDA:498,29,0,18
BRDA:500,30,0,0
BRDA:521,31,0,0
BRDA:536,32,0,0
BRDA:555,33,0,6
BRDA:557,34,0,0
BRDA:559,35,0,6
BRDA:598,36,0,6
BRDA:600,37,0,0
BRDA:602,38,0,6
BRDA:605,39,0,6
BRDA:607,40,0,0
BRF:41
BRH:16
end_of_record
TN:
SF:src/pages/Settings/RoutePage/DeleteConfirmDialog.tsx
FN:11,DeleteConfirmDialog
FNF:1
FNH:0
FNDA:0,DeleteConfirmDialog
DA:1,1
DA:11,1
DA:12,0
DA:13,0
DA:14,0
DA:15,0
DA:16,0
DA:17,0
DA:18,0
DA:19,0
DA:20,0
DA:21,0
DA:22,0
DA:23,0
DA:24,0
DA:25,0
DA:27,0
DA:28,0
DA:29,0
DA:30,0
DA:32,0
DA:33,0
DA:34,0
DA:35,0
DA:36,0
DA:37,0
DA:38,0
DA:40,0
DA:41,0
DA:42,0
DA:44,0
DA:45,1
LF:32
LH:3
BRF:0
BRH:0
end_of_record
TN:
SF:src/pages/Settings/RoutePage/RouteDialog.tsx
FN:15,RouteDialog
FNF:1
FNH:0
FNDA:0,RouteDialog
DA:1,1
DA:2,1
DA:3,1
DA:15,1
DA:16,0
DA:17,0
DA:18,0
DA:19,0
DA:20,0
DA:21,0
DA:22,0
DA:23,0
DA:24,0
DA:25,0
DA:26,0
DA:27,0
DA:28,0
DA:29,0
DA:30,0
DA:31,0
DA:32,0
DA:34,0
DA:35,0
DA:36,0
DA:37,0
DA:38,0
DA:39,0
DA:40,0
DA:42,0
DA:45,0
DA:46,0
DA:47,0
DA:48,0
DA:49,0
DA:50,0
DA:51,0
DA:52,0
DA:53,0
DA:54,0
DA:55,0
DA:56,0
DA:57,0
DA:58,0
DA:59,0
DA:61,0
DA:62,0
DA:63,0
DA:64,0
DA:66,0
DA:67,0
DA:68,0
DA:69,0
DA:70,0
DA:71,0
DA:72,0
DA:73,0
DA:74,0
DA:75,0
DA:76,0
DA:77,0
DA:78,0
DA:79,0
DA:80,0
DA:81,0
DA:82,0
DA:83,0
DA:84,0
DA:85,0
DA:86,0
DA:87,0
DA:88,0
DA:89,0
DA:90,0
DA:91,0
DA:92,0
DA:94,0
DA:95,0
DA:96,0
DA:97,0
DA:98,0
DA:99,0
DA:100,0
DA:101,0
DA:102,0
DA:103,0
DA:104,0
DA:105,0
DA:106,0
DA:107,0
DA:108,0
DA:109,0
DA:110,0
DA:111,0
DA:112,0
DA:113,0
DA:114,0
DA:116,0
DA:117,0
DA:118,0
DA:119,0
DA:120,0
DA:122,0
DA:123,0
DA:124,0
DA:125,0
DA:126,0
DA:128,0
DA:129,0
DA:130,0
DA:131,0
DA:132,0
DA:134,0
DA:135,1
LF:113
LH:5
BRF:0
BRH:0
end_of_record
TN:
SF:src/pages/Settings/RoutePage/index.tsx
FN:19,NoRoutesOverlay
FN:34,RoutePage
FNF:2
FNH:0
FNDA:0,NoRoutesOverlay
FNDA:0,RoutePage
DA:1,1
DA:2,1
DA:3,1
DA:4,1
DA:6,1
DA:15,1
DA:16,1
DA:17,1
DA:19,1
DA:20,0
DA:21,0
DA:22,0
DA:23,0
DA:24,0
DA:25,0
DA:26,0
DA:28,0
DA:30,0
DA:31,0
DA:34,1
DA:35,0
DA:36,0
DA:37,0
DA:38,0
DA:42,0
DA:43,0
DA:44,0
DA:45,0
DA:46,0
DA:49,0
DA:50,0
DA:51,0
DA:52,0
DA:55,0
DA:56,0
DA:57,0
DA:59,0
DA:60,0
DA:61,0
DA:62,0
DA:64,0
DA:65,0
DA:66,0
DA:67,0
DA:69,0
DA:70,0
DA:71,0
DA:72,0
DA:74,0
DA:75,0
DA:76,0
DA:78,0
DA:79,0
DA:80,0
DA:81,0
DA:82,0
DA:83,0
DA:84,0
DA:85,0
DA:86,0
DA:87,0
DA:88,0
DA:89,0
DA:90,0
DA:91,0
DA:93,0
DA:94,0
DA:95,0
DA:96,0
DA:97,0
DA:98,0
DA:99,0
DA:100,0
DA:101,0
DA:102,0
DA:103,0
DA:104,0
DA:105,0
DA:106,0
DA:107,0
DA:108,0
DA:109,0
DA:110,0
DA:111,0
DA:112,0
DA:113,0
DA:115,0
DA:116,0
DA:118,0
DA:119,0
DA:120,0
DA:121,0
DA:122,0
DA:123,0
DA:124,0
DA:125,0
DA:126,0
DA:127,0
DA:128,0
DA:129,0
DA:130,0
DA:131,0
DA:132,0
DA:133,0
DA:134,0
DA:136,0
DA:137,0
DA:138,0
DA:140,0
DA:141,0
DA:142,0
DA:143,0
DA:145,0
DA:146,0
DA:147,0
DA:148,0
DA:149,0
DA:150,0
DA:151,0
DA:152,0
DA:153,0
DA:155,0
DA:157,0
DA:158,0
DA:159,0
DA:160,0
DA:161,0
DA:162,0
DA:164,0
DA:165,0
DA:167,0
DA:168,0
DA:169,0
DA:170,0
DA:171,0
DA:172,0
DA:173,0
DA:174,0
DA:175,0
DA:176,0
DA:177,0
DA:178,0
DA:179,0
DA:180,0
DA:181,0
DA:182,0
DA:183,0
DA:184,0
DA:185,0
DA:186,0
DA:187,0
DA:188,0
DA:189,0
DA:190,0
DA:191,0
DA:192,0
DA:193,0
DA:195,0
DA:196,0
DA:198,0
DA:199,0
DA:200,0
DA:203,0
DA:204,0
DA:205,0
DA:206,0
DA:207,0
DA:208,0
DA:209,0
DA:210,0
DA:211,0
DA:212,0
DA:214,0
DA:215,0
DA:216,0
DA:217,0
DA:218,0
DA:219,0
DA:220,0
DA:221,0
DA:222,0
DA:223,0
DA:225,0
DA:226,0
DA:227,0
DA:228,0
DA:229,0
DA:231,0
DA:232,0
DA:233,0
DA:234,0
DA:236,0
DA:237,0
DA:238,0
DA:239,0
DA:240,0
DA:242,0
DA:244,1
LF:198
LH:11
BRF:0
BRH:0
end_of_record
TN:
SF:src/pages/Settings/RoutePage/useRouteGrid.tsx
FN:11,useRouteGrid
FNF:1
FNH:0
FNDA:0,useRouteGrid
DA:7,1
DA:8,1
DA:9,1
DA:11,1
DA:12,0
DA:13,0
DA:14,0
DA:15,0
DA:16,0
DA:17,0
DA:18,0
DA:19,0
DA:20,0
DA:21,0
DA:22,0
DA:23,0
DA:24,0
DA:25,0
DA:26,0
DA:27,0
DA:28,0
DA:29,0
DA:30,0
DA:31,0
DA:32,0
DA:33,0
DA:34,0
DA:35,0
DA:36,0
DA:37,0
DA:38,0
DA:39,0
DA:40,0
DA:41,0
DA:42,0
DA:43,0
DA:44,0
DA:45,0
DA:46,0
DA:47,0
DA:48,0
DA:49,0
DA:50,0
DA:51,0
DA:52,0
DA:53,0
DA:54,0
DA:55,0
DA:56,0
DA:58,1
LF:50
LH:5
BRF:0
BRH:0
end_of_record
TN:
SF:src/pages/Settings/ThemeSettingsPage/index.tsx
FN:29,ThemeSettingsPage
FNF:1
FNH:0
FNDA:0,ThemeSettingsPage
DA:1,1
DA:17,1
DA:18,1
DA:20,1
DA:21,1
DA:22,1
DA:23,1
DA:24,1
DA:25,1
DA:26,1
DA:27,1
DA:29,1
DA:30,0
DA:31,0
DA:32,0
DA:33,0
DA:35,0
DA:36,0
DA:37,0
DA:39,0
DA:40,0
DA:41,0
DA:43,0
DA:44,0
DA:45,0
DA:47,0
DA:48,0
DA:49,0
DA:50,0
DA:51,0
DA:52,0
DA:53,0
DA:54,0
DA:55,0
DA:56,0
DA:57,0
DA:58,0
DA:59,0
DA:60,0
DA:61,0
DA:62,0
DA:63,0
DA:64,0
DA:65,0
DA:67,0
DA:69,0
DA:70,0
DA:71,0
DA:72,0
DA:75,0
DA:76,0
DA:77,0
DA:79,0
DA:82,0
DA:83,0
DA:84,0
DA:85,0
DA:86,0
DA:87,0
DA:88,0
DA:89,0
DA:91,0
DA:92,0
DA:93,0
DA:95,0
DA:96,0
DA:97,0
DA:98,0
DA:99,0
DA:100,0
DA:102,0
DA:103,0
DA:104,0
DA:105,0
DA:106,0
DA:107,0
DA:108,0
DA:109,0
DA:110,0
DA:112,0
DA:113,0
DA:114,0
DA:116,0
DA:117,0
DA:118,0
DA:119,0
DA:120,0
DA:121,0
DA:122,0
DA:123,0
DA:124,0
DA:125,0
DA:126,0
DA:127,0
DA:128,0
DA:129,0
DA:130,0
DA:131,0
DA:132,0
DA:133,0
DA:135,0
DA:136,0
DA:137,0
DA:139,0
DA:140,0
DA:141,0
DA:142,0
DA:143,0
DA:144,0
DA:145,0
DA:146,0
DA:147,0
DA:148,0
DA:149,0
DA:150,0
DA:151,0
DA:152,0
DA:153,0
DA:154,0
DA:155,0
DA:156,0
DA:158,0
DA:159,0
DA:160,0
DA:162,0
DA:163,0
DA:164,0
DA:165,0
DA:166,0
DA:167,0
DA:168,0
DA:169,0
DA:170,0
DA:171,0
DA:173,0
DA:174,0
DA:175,0
DA:176,0
DA:177,0
DA:178,0
DA:180,0
DA:182,0
DA:183,0
DA:185,0
DA:186,0
DA:187,0
DA:188,0
DA:189,0
DA:192,0
DA:193,0
DA:194,0
DA:195,0
DA:196,0
DA:197,0
DA:198,0
DA:199,0
DA:200,0
DA:202,0
DA:203,0
DA:204,0
DA:206,0
DA:207,0
DA:208,0
DA:209,0
DA:210,0
DA:211,0
DA:213,0
DA:214,0
DA:215,0
DA:216,0
DA:217,0
DA:218,0
DA:219,0
DA:220,0
DA:221,0
DA:223,0
DA:224,0
DA:225,0
DA:227,0
DA:228,0
DA:229,0
DA:230,0
DA:231,0
DA:232,0
DA:233,0
DA:234,0
DA:235,0
DA:236,0
DA:237,0
DA:238,0
DA:239,0
DA:240,0
DA:241,0
DA:242,0
DA:243,0
DA:244,0
DA:246,0
DA:247,0
DA:248,0
DA:250,0
DA:251,0
DA:252,0
DA:253,0
DA:254,0
DA:255,0
DA:256,0
DA:257,0
DA:258,0
DA:259,0
DA:261,0
DA:262,0
DA:263,0
DA:264,0
DA:265,0
DA:266,0
DA:268,0
DA:270,0
DA:271,0
DA:273,0
DA:274,0
DA:275,0
DA:276,0
DA:277,0
DA:281,0
DA:282,0
DA:283,0
DA:284,0
DA:285,0
DA:286,0
DA:287,0
DA:288,0
DA:290,0
DA:293,0
DA:295,0
DA:296,0
DA:297,0
DA:298,0
DA:299,0
DA:300,0
DA:301,0
DA:303,0
DA:304,0
DA:307,0
DA:308,0
DA:309,0
DA:310,0
DA:311,0
DA:312,0
DA:313,0
DA:315,0
DA:316,0
DA:317,0
DA:318,0
DA:319,0
DA:321,0
DA:322,0
DA:323,0
DA:324,0
DA:325,0
DA:326,0
DA:328,0
DA:329,0
DA:332,0
DA:333,0
DA:334,0
DA:335,0
DA:336,0
DA:337,0
DA:338,0
DA:339,0
DA:341,0
DA:342,0
DA:343,0
DA:344,0
DA:345,0
DA:347,0
DA:348,0
DA:349,0
DA:350,0
DA:351,0
DA:352,0
DA:354,0
DA:355,0
DA:358,0
DA:359,0
DA:360,0
DA:361,0
DA:362,0
DA:363,0
DA:364,0
DA:365,0
DA:367,0
DA:368,0
DA:369,0
DA:370,0
DA:371,0
DA:372,0
DA:373,0
DA:374,0
DA:375,0
DA:378,0
DA:379,0
DA:380,0
DA:381,0
DA:382,0
DA:383,0
DA:387,0
DA:388,0
DA:389,0
DA:391,0
DA:392,0
DA:394,0
DA:395,0
DA:397,0
DA:398,0
DA:400,0
DA:401,0
DA:402,0
DA:403,0
DA:404,0
DA:405,0
DA:407,0
DA:409,1
LF:323
LH:13
BRF:0
BRH:0
end_of_record
TN:
SF:src/pages/SettingsPage/index.tsx
FN:15,SettingsPage
FNF:1
FNH:0
FNDA:0,SettingsPage
DA:1,1
DA:9,1
DA:10,1
DA:11,1
DA:12,1
DA:13,1
DA:15,1
DA:16,0
DA:18,0
DA:19,0
DA:20,0
DA:21,0
DA:22,0
DA:23,0
DA:24,0
DA:25,0
DA:27,0
DA:29,0
DA:30,0
DA:31,0
DA:32,0
DA:35,0
DA:36,0
DA:37,0
DA:38,0
DA:39,0
DA:40,0
DA:41,0
DA:42,0
DA:45,0
DA:46,0
DA:47,0
DA:48,0
DA:51,0
DA:52,0
DA:53,0
DA:54,0
DA:55,0
DA:56,0
DA:57,0
DA:58,0
DA:59,0
DA:60,0
DA:61,0
DA:63,0
DA:64,0
DA:65,0
DA:66,0
DA:67,0
DA:68,0
DA:69,0
DA:70,0
DA:71,0
DA:72,0
DA:73,0
DA:74,0
DA:75,0
DA:76,0
DA:77,0
DA:78,0
DA:80,0
DA:81,0
DA:82,0
DA:83,0
DA:84,0
DA:85,0
DA:86,0
DA:89,0
DA:90,0
DA:91,0
DA:92,0
DA:94,0
DA:95,0
DA:96,0
DA:97,0
DA:99,0
DA:101,1
LF:77
LH:8
BRF:0
BRH:0
end_of_record
TN:
SF:src/routes/index.tsx
FNF:0
FNH:0
DA:1,1
DA:2,1
DA:3,1
DA:4,1
DA:5,1
DA:6,1
DA:7,1
DA:8,1
DA:9,1
DA:10,1
DA:11,1
DA:12,1
DA:13,1
DA:15,1
DA:16,1
DA:17,1
DA:18,1
DA:19,1
DA:20,1
DA:21,1
DA:22,1
DA:23,1
DA:24,1
DA:25,1
DA:26,1
DA:27,1
DA:28,1
DA:29,1
DA:30,1
DA:31,1
DA:32,1
DA:33,1
DA:34,1
DA:35,1
DA:36,1
DA:37,1
DA:38,1
DA:39,1
DA:40,1
DA:41,1
DA:42,1
DA:43,1
DA:44,1
DA:45,1
DA:46,1
DA:47,1
DA:48,1
DA:49,1
DA:50,1
DA:51,1
DA:52,1
DA:53,1
DA:54,1
DA:55,1
DA:56,1
DA:57,1
DA:58,1
DA:59,1
DA:60,1
DA:61,1
DA:62,1
DA:63,1
LF:62
LH:62
BRF:0
BRH:0
end_of_record
TN:
SF:src/store/store.ts
FN:10,middleware
FNF:1
FNH:1
FNDA:1,middleware
DA:1,1
DA:2,1
DA:3,1
DA:5,1
DA:6,1
DA:7,1
DA:8,1
DA:9,1
DA:10,1
DA:11,1
DA:12,1
LF:11
LH:11
BRDA:10,0,0,1
BRF:1
BRH:1
end_of_record
TN:
SF:src/store/themeSlice.ts
FN:13,getInitialThemeMode
FN:28,getInitialThemeVariant
FN:45,setThemeMode
FN:49,toggleThemeMode
FN:53,setThemeVariant
FN:70,selectThemeMode
FN:71,selectThemeVariant
FNF:7
FNH:4
FNDA:1,getInitialThemeMode
FNDA:1,getInitialThemeVariant
FNDA:0,setThemeMode
FNDA:0,toggleThemeMode
FNDA:0,setThemeVariant
FNDA:16,selectThemeMode
FNDA:16,selectThemeVariant
DA:1,1
DA:13,1
DA:14,1
DA:15,1
DA:16,0
DA:17,0
DA:19,1
DA:20,1
DA:21,0
DA:22,0
DA:24,1
DA:25,1
DA:28,1
DA:29,1
DA:30,1
DA:31,0
DA:32,0
DA:33,1
DA:34,1
DA:36,1
DA:37,1
DA:38,1
DA:39,1
DA:41,1
DA:42,1
DA:43,1
DA:44,1
DA:45,1
DA:46,0
DA:47,0
DA:48,0
DA:49,1
DA:50,0
DA:51,0
DA:52,0
DA:53,1
DA:54,0
DA:55,0
DA:57,0
DA:58,0
DA:59,0
DA:60,0
DA:61,0
DA:62,0
DA:63,0
DA:64,0
DA:65,1
DA:66,1
DA:68,1
DA:70,1
DA:71,1
DA:73,1
LF:52
LH:30
BRDA:13,0,0,1
BRDA:15,1,0,0
BRDA:19,2,0,0
BRDA:20,3,0,0
BRDA:20,4,0,0
BRDA:28,5,0,1
BRDA:30,6,0,0
BRDA:70,7,0,16
BRDA:71,8,0,16
BRF:9
BRH:4
end_of_record
TN:
SF:src/theme/theme.ts
FN:1,(empty-report)
FNF:1
FNH:0
FNDA:0,(empty-report)
DA:1,0
DA:4,0
DA:7,0
DA:8,0
DA:9,0
DA:10,0
DA:11,0
DA:12,0
DA:13,0
DA:14,0
DA:15,0
DA:16,0
DA:17,0
DA:18,0
DA:19,0
DA:20,0
DA:21,0
DA:22,0
DA:23,0
DA:24,0
DA:25,0
DA:26,0
DA:27,0
DA:28,0
DA:29,0
DA:30,0
DA:31,0
DA:32,0
DA:33,0
DA:34,0
DA:35,0
DA:36,0
DA:37,0
DA:38,0
DA:41,0
DA:42,0
DA:43,0
DA:44,0
DA:45,0
DA:46,0
DA:47,0
DA:48,0
DA:49,0
DA:50,0
DA:51,0
DA:52,0
DA:53,0
DA:54,0
DA:55,0
DA:56,0
DA:59,0
DA:60,0
DA:61,0
DA:62,0
DA:63,0
DA:64,0
DA:65,0
DA:66,0
DA:67,0
DA:68,0
DA:69,0
DA:70,0
DA:71,0
DA:72,0
DA:73,0
DA:74,0
DA:76,0
DA:77,0
DA:78,0
LF:69
LH:0
BRDA:1,0,0,0
BRF:1
BRH:0
end_of_record
TN:
SF:src/theme/themeDatagrid.ts
FNF:0
FNH:0
DA:1,1
DA:4,1
DA:5,1
DA:7,1
DA:8,1
DA:9,1
DA:10,1
DA:11,1
DA:12,1
DA:13,1
DA:14,1
DA:15,1
LF:12
LH:12
BRF:0
BRH:0
end_of_record
TN:
SF:src/theme/themeVariants.ts
FN:223,getSwitchableTheme
FNF:1
FNH:1
FNDA:4,getSwitchableTheme
DA:1,1
DA:3,1
DA:11,1
DA:12,1
DA:13,1
DA:14,1
DA:15,1
DA:16,1
DA:17,1
DA:18,1
DA:19,1
DA:20,1
DA:21,1
DA:22,1
DA:23,1
DA:24,1
DA:25,1
DA:26,1
DA:27,1
DA:28,1
DA:29,1
DA:30,1
DA:31,1
DA:32,1
DA:33,1
DA:34,1
DA:35,1
DA:36,1
DA:37,1
DA:38,1
DA:39,1
DA:40,1
DA:41,1
DA:42,1
DA:43,1
DA:44,1
DA:45,1
DA:46,1
DA:47,1
DA:48,1
DA:49,1
DA:50,1
DA:51,1
DA:52,1
DA:53,1
DA:54,1
DA:55,1
DA:56,1
DA:57,1
DA:58,1
DA:59,1
DA:60,1
DA:61,1
DA:62,1
DA:63,1
DA:64,1
DA:65,1
DA:66,1
DA:67,1
DA:68,1
DA:69,1
DA:70,1
DA:71,1
DA:72,1
DA:73,1
DA:75,1
DA:83,1
DA:84,1
DA:85,1
DA:86,1
DA:87,1
DA:88,1
DA:89,1
DA:90,1
DA:91,1
DA:92,1
DA:93,1
DA:94,1
DA:95,1
DA:96,1
DA:97,1
DA:98,1
DA:99,1
DA:100,1
DA:101,1
DA:102,1
DA:103,1
DA:104,1
DA:105,1
DA:106,1
DA:107,1
DA:108,1
DA:109,1
DA:110,1
DA:111,1
DA:112,1
DA:113,1
DA:114,1
DA:115,1
DA:116,1
DA:117,1
DA:118,1
DA:119,1
DA:120,1
DA:121,1
DA:122,1
DA:123,1
DA:124,1
DA:125,1
DA:126,1
DA:127,1
DA:128,1
DA:129,1
DA:130,1
DA:131,1
DA:132,1
DA:133,1
DA:134,1
DA:135,1
DA:136,1
DA:137,1
DA:138,1
DA:139,1
DA:140,1
DA:141,1
DA:142,1
DA:143,1
DA:144,1
DA:145,1
DA:146,1
DA:148,1
DA:156,1
DA:157,1
DA:158,1
DA:159,1
DA:160,1
DA:161,1
DA:162,1
DA:163,1
DA:164,1
DA:165,1
DA:166,1
DA:167,1
DA:168,1
DA:169,1
DA:170,1
DA:171,1
DA:172,1
DA:173,1
DA:174,1
DA:175,1
DA:176,1
DA:177,1
DA:178,1
DA:179,1
DA:180,1
DA:181,1
DA:182,1
DA:183,1
DA:184,1
DA:185,1
DA:186,1
DA:187,1
DA:189,1
DA:190,1
DA:191,1
DA:192,1
DA:193,1
DA:194,1
DA:195,1
DA:196,1
DA:197,1
DA:198,1
DA:199,1
DA:200,1
DA:201,1
DA:202,1
DA:203,1
DA:204,1
DA:206,1
DA:207,1
DA:208,1
DA:209,1
DA:210,1
DA:211,1
DA:212,1
DA:213,1
DA:214,1
DA:215,1
DA:216,1
DA:217,1
DA:218,1
DA:219,1
DA:220,1
DA:221,1
DA:223,1
DA:224,4
DA:225,4
LF:198
LH:198
BRDA:223,0,0,4
BRDA:224,1,0,0
BRF:2
BRH:1
end_of_record
